<?xml version="1.0" encoding="UTF-8"?>
<testng-results skipped="0" failed="0" ignored="0" total="1" passed="1">
  <reporter-output>
  </reporter-output>
  <suite name="Suite" duration-ms="60" started-at="2018-08-17T11:12:36Z" finished-at="2018-08-17T11:12:37Z">
    <groups>
    </groups>
    <test name="Test" duration-ms="60" started-at="2018-08-17T11:12:36Z" finished-at="2018-08-17T11:12:37Z">
      <class name="testing.mvnClass">
        <test-method status="PASS" signature="hello()[pri:0, instance:testing.mvnClass@cc285f4]" name="hello" duration-ms="22" started-at="2018-08-17T11:12:36Z" finished-at="2018-08-17T11:12:37Z">
          <reporter-output>
          </reporter-output>
        </test-method> <!-- hello -->
      </class> <!-- testing.mvnClass -->
    </test> <!-- Test -->
  </suite> <!-- Suite -->
</testng-results>
